<?xml version="1.0" encoding="UTF-8"?>
<testsuite xmlns:xsi="http://www.w3.org/2001/XMLSchema-instance" xsi:noNamespaceSchemaLocation="https://maven.apache.org/surefire/maven-surefire-plugin/xsd/surefire-test-report.xsd" name="com.myEpam.AppTest" time="0.176" tests="1" errors="0" skipped="0" failures="0">
  <properties>
    <property name="sun.desktop" value="windows"/>
    <property name="awt.toolkit" value="sun.awt.windows.WToolkit"/>
    <property name="file.encoding.pkg" value="sun.io"/>
    <property name="java.specification.version" value="1.8"/>
    <property name="sun.cpu.isalist" value="amd64"/>
    <property name="sun.jnu.encoding" value="Cp1252"/>
    <property name="java.class.path" value="C:\Users\LENOVO\Desktop\DS\Epam_Hometask\ArnavKumar_Hometask_MavenOOPS_28-Jan-2020\target\test-classes;C:\Users\LENOVO\Desktop\DS\Epam_Hometask\ArnavKumar_Hometask_MavenOOPS_28-Jan-2020\target\classes;C:\Users\LENOVO\.m2\repository\junit\junit\4.11\junit-4.11.jar;C:\Users\LENOVO\.m2\repository\org\hamcrest\hamcrest-core\1.3\hamcrest-core-1.3.jar;"/>
    <property name="java.vm.vendor" value="Oracle Corporation"/>
    <property name="sun.arch.data.model" value="64"/>
    <property name="user.variant" value=""/>
    <property name="java.vendor.url" value="http://java.oracle.com/"/>
    <property name="user.timezone" value="Asia/Calcutta"/>
    <property name="java.vm.specification.version" value="1.8"/>
    <property name="os.name" value="Windows 10"/>
    <property name="user.country" value="IN"/>
    <property name="sun.java.launcher" value="SUN_STANDARD"/>
    <property name="sun.boot.library.path" value="C:\Program Files\Java\jre1.8.0_192\bin"/>
    <property name="sun.java.command" value="C:\Users\LENOVO\AppData\Local\Temp\surefire1707673111046022996\surefirebooter5409371465655419735.jar C:\Users\LENOVO\AppData\Local\Temp\surefire1707673111046022996 2020-02-02T14-38-25_588-jvmRun1 surefire2563614201534930344tmp surefire_06673800009617349611tmp"/>
    <property name="surefire.test.class.path" value="C:\Users\LENOVO\Desktop\DS\Epam_Hometask\ArnavKumar_Hometask_MavenOOPS_28-Jan-2020\target\test-classes;C:\Users\LENOVO\Desktop\DS\Epam_Hometask\ArnavKumar_Hometask_MavenOOPS_28-Jan-2020\target\classes;C:\Users\LENOVO\.m2\repository\junit\junit\4.11\junit-4.11.jar;C:\Users\LENOVO\.m2\repository\org\hamcrest\hamcrest-core\1.3\hamcrest-core-1.3.jar;"/>
    <property name="sun.cpu.endian" value="little"/>
    <property name="user.home" value="C:\Users\LENOVO"/>
    <property name="user.language" value="en"/>
    <property name="java.specification.vendor" value="Oracle Corporation"/>
    <property name="java.home" value="C:\Program Files\Java\jre1.8.0_192"/>
    <property name="basedir" value="C:\Users\LENOVO\Desktop\DS\Epam_Hometask\ArnavKumar_Hometask_MavenOOPS_28-Jan-2020"/>
    <property name="file.separator" value="\"/>
    <property name="line.separator" value="&#10;"/>
    <property name="java.vm.specification.vendor" value="Oracle Corporation"/>
    <property name="java.specification.name" value="Java Platform API Specification"/>
    <property name="java.awt.graphicsenv" value="sun.awt.Win32GraphicsEnvironment"/>
    <property name="surefire.real.class.path" value="C:\Users\LENOVO\AppData\Local\Temp\surefire1707673111046022996\surefirebooter5409371465655419735.jar"/>
    <property name="sun.boot.class.path" value="C:\Program Files\Java\jre1.8.0_192\lib\resources.jar;C:\Program Files\Java\jre1.8.0_192\lib\rt.jar;C:\Program Files\Java\jre1.8.0_192\lib\sunrsasign.jar;C:\Program Files\Java\jre1.8.0_192\lib\jsse.jar;C:\Program Files\Java\jre1.8.0_192\lib\jce.jar;C:\Program Files\Java\jre1.8.0_192\lib\charsets.jar;C:\Program Files\Java\jre1.8.0_192\lib\jfr.jar;C:\Program Files\Java\jre1.8.0_192\classes"/>
    <property name="user.script" value=""/>
    <property name="sun.management.compiler" value="HotSpot 64-Bit Tiered Compilers"/>
    <property name="java.runtime.version" value="1.8.0_192-b12"/>
    <property name="user.name" value="LENOVO"/>
    <property name="path.separator" value=";"/>
    <property name="os.version" value="10.0"/>
    <property name="java.endorsed.dirs" value="C:\Program Files\Java\jre1.8.0_192\lib\endorsed"/>
    <property name="java.runtime.name" value="Java(TM) SE Runtime Environment"/>
    <property name="file.encoding" value="Cp1252"/>
    <property name="java.vm.name" value="Java HotSpot(TM) 64-Bit Server VM"/>
    <property name="localRepository" value="C:\Users\LENOVO\.m2\repository"/>
    <property name="java.vendor.url.bug" value="http://bugreport.sun.com/bugreport/"/>
    <property name="java.io.tmpdir" value="C:\Users\LENOVO\AppData\Local\Temp\"/>
    <property name="java.version" value="1.8.0_192"/>
    <property name="user.dir" value="C:\Users\LENOVO\Desktop\DS\Epam_Hometask\ArnavKumar_Hometask_MavenOOPS_28-Jan-2020"/>
    <property name="os.arch" value="amd64"/>
    <property name="java.vm.specification.name" value="Java Virtual Machine Specification"/>
    <property name="java.awt.printerjob" value="sun.awt.windows.WPrinterJob"/>
    <property name="sun.os.patch.level" value=""/>
    <property name="java.library.path" value="C:\Program Files\Java\jre1.8.0_192\bin;C:\WINDOWS\Sun\Java\bin;C:\WINDOWS\system32;C:\WINDOWS;C:\oracle\app\oracle\product\11.2.0\server\bin;C:\oraclexe\app\oracle\product\11.2.0\server\bin;C:\Program Files (x86)\Common Files\Oracle\Java\javapath;C:\Program Files (x86)\Intel\iCLS Client\;C:\Program Files\Intel\iCLS Client\;C:\WINDOWS\system32;C:\WINDOWS;C:\WINDOWS\System32\Wbem;C:\WINDOWS\System32\WindowsPowerShell\v1.0\;C:\WINDOWS\System32\OpenSSH\;C:\Program Files (x86)\Intel\Intel(R) Management Engine Components\DAL;C:\Program Files\Intel\Intel(R) Management Engine Components\DAL;C:\Program Files (x86)\Intel\Intel(R) Management Engine Components\IPT;C:\Program Files\Intel\Intel(R) Management Engine Components\IPT;&quot;C:\Program Files\Java\jdk1.8.0_192\bin;&quot;;C:\Users\LENOVO\AppData\Local\Programs\Python\Python37-32;C:\Users\LENOVO\AppData\Local\Programs\Python\Python37-32\Scripts;C:\Program Files\nodejs\;C:\Program Files (x86)\Brackets\command;C:\apache-maven-3.6.1\bin;C:\Program Files\Git\cmd;C:\Users\LENOVO\AppData\Local\Microsoft\WindowsApps;C:\Program Files\JetBrains\PyCharm Community Edition 2019.1.2\bin;C:\Users\LENOVO\AppData\Roaming\npm;C:\Program Files\JetBrains\IntelliJ IDEA Community Edition 2019.1.3\bin;."/>
    <property name="java.vm.info" value="mixed mode"/>
    <property name="java.vendor" value="Oracle Corporation"/>
    <property name="java.vm.version" value="25.192-b12"/>
    <property name="java.ext.dirs" value="C:\Program Files\Java\jre1.8.0_192\lib\ext;C:\WINDOWS\Sun\Java\lib\ext"/>
    <property name="sun.io.unicode.encoding" value="UnicodeLittle"/>
    <property name="java.class.version" value="52.0"/>
  </properties>
  <testcase name="shouldAnswerWithTrue" classname="com.myEpam.AppTest" time="0.005"/>
</testsuite>